<?xml version="1.0" encoding="UTF-8"?>
<!-- Generated by org.testng.reporters.JUnitReportReporter -->
<testsuite hostname="LAPTOP-ONV6SK6H" failures="0" tests="2" name="Test.Config_Test1_GoogleSearch2" time="7.792" errors="0" timestamp="2022-01-27T11:37:25 GMT" skipped="0">
  <testcase classname="Test.Config_Test1_GoogleSearch2" name="googlesearch2" time="3.674"/>
  <system-out/>
  <testcase classname="Test.Config_Test1_GoogleSearch2" name="googlesearch" time="4.118"/>
  <system-out/>
</testsuite> <!-- Test.Config_Test1_GoogleSearch2 -->
