<?xml version="1.0" encoding="UTF-8"?>
<!-- Generated by org.testng.reporters.JUnitReportReporter -->
<testsuite hostname="LAPTOP-ONV6SK6H" failures="0" tests="2" name="utils.ExcelDataProviderTestNG" time="11.310" errors="0" timestamp="2022-01-28T12:24:52 GMT" skipped="0">
  <testcase classname="utils.ExcelDataProviderTestNG" name="Test1" time="6.530"/>
  <system-out/>
  <testcase classname="utils.ExcelDataProviderTestNG" name="Test1" time="4.780"/>
  <system-out/>
</testsuite> <!-- utils.ExcelDataProviderTestNG -->
