<?xml version="1.0" encoding="UTF-8"?>
<!-- Generated by org.testng.reporters.JUnitReportReporter -->
<testsuite hostname="LAPTOP-ONV6SK6H" failures="0" tests="1" name="Test.Test1_GoogleSearch" time="5.887" errors="0" timestamp="2022-01-27T10:08:09 GMT" skipped="0">
  <testcase classname="Test.Test1_GoogleSearch" name="googlesearch" time="5.887"/>
  <system-out/>
</testsuite> <!-- Test.Test1_GoogleSearch -->
